<?xml version="1.0" encoding="UTF-8"?>
<!-- Generated by org.testng.reporters.JUnitXMLReporter -->
<testsuite ignored="3" hostname="DESKTOP-BD7D664" failures="0" tests="4" name="Test" time="0.143" errors="0" timestamp="2024-04-05T10:48:23 IST">
  <testcase classname="com.TestClass.Package.DummyListernerTest" name="Test1" time="0.024"/>
  <testcase classname="com.TestClass.Package.DummyListernerTest" name="Test3" time="0.01"/>
  <testcase classname="com.TestClass.Package.DummyListernerTest" name="Test5" time="0.005"/>
  <testcase classname="com.TestClass.Package.DummyListernerTest" name="Test7" time="0.004"/>
  <testcase classname="com.TestClass.Package.DummyListernerTest" name="Test4" time="0.0">
    <ignored/>
  </testcase> <!-- Test4 -->
  <testcase classname="com.TestClass.Package.DummyListernerTest" name="Test2" time="0.0">
    <ignored/>
  </testcase> <!-- Test2 -->
  <testcase classname="com.TestClass.Package.DummyListernerTest" name="Test6" time="0.0">
    <ignored/>
  </testcase> <!-- Test6 -->
</testsuite> <!-- Test -->
