<?xml version="1.0" encoding="UTF-8"?>
<!-- Generated by org.testng.reporters.JUnitXMLReporter -->
<testsuite ignored="1" hostname="DESKTOP-BD7D664" failures="0" tests="3" name="Default test" time="21.417" errors="0" timestamp="2024-04-01T10:33:24 IST">
  <testcase classname="com.TestClass.Package.LoginModulTest" name="LoginTest" time="1.253"/>
  <testcase classname="com.TestClass.Package.PIMModuleTest" name="PIMModuleTest1" time="5.696"/>
  <testcase classname="com.TestClass.Package.AddPIMSubModTest" name="PIMSubModTest" time="1.956"/>
  <testcase classname="com.TestClass.Package.LoginModulTest" name="getTitle" time="0.0">
    <ignored/>
  </testcase> <!-- getTitle -->
</testsuite> <!-- Default test -->
