<?xml version="1.0" encoding="UTF-8"?>
<!-- Generated by org.testng.reporters.JUnitXMLReporter -->
<testsuite ignored="0" hostname="DESKTOP-BD7D664" failures="0" tests="6" name="Default test" time="73.43" errors="0" timestamp="2024-06-12T15:55:47 IST">
  <testcase classname="com.TestClass.Package.LoginModulTest" name="LoginTest" time="4.534"/>
  <testcase classname="com.TestClass.Package.LoginModulTest" name="getTitle" time="0.037"/>
  <testcase classname="com.TestClass.Package.PIMModuleTest" name="PIMModuleTest1" time="4.521"/>
  <testcase classname="com.TestClass.Package.UserAllData" name="setData" time="9.822"/>
  <testcase classname="com.TestClass.Package.UserAllData" name="setData" time="9.831"/>
  <testcase classname="com.TestClass.Package.UserAllData" name="setData" time="9.455"/>
</testsuite> <!-- Default test -->
