<?xml version="1.0" encoding="UTF-8"?>
<!-- Generated by org.testng.reporters.JUnitXMLReporter -->
<testsuite ignored="0" hostname="DESKTOP-BD7D664" failures="1" tests="6" name="Test" time="19.991" errors="0" timestamp="2024-04-05T10:42:58 IST">
  <testcase classname="com.TestClass.Package.LoginModulTest" name="LoginTest" time="2.646">
    <failure type="java.lang.AssertionError" message="null">
      <![CDATA[java.lang.AssertionError: null
at com.TestClass.Package.LoginModulTest.LoginTest(LoginModulTest.java:94)
at java.base/java.util.ArrayList.forEach(ArrayList.java:1596)
... Removed 27 stack frames]]>
    </failure>
  </testcase> <!-- LoginTest -->
  <testcase classname="com.TestClass.Package.LoginModulTest" name="getTitle" time="0.3"/>
  <testcase classname="com.TestClass.Package.addUserData" name="addUserTest" time="0.004"/>
  <testcase classname="com.TestClass.Package.addUserData" name="addUserTest" time="0.012"/>
  <testcase classname="com.TestClass.Package.addUserData" name="addUserTest" time="0.002"/>
  <testcase classname="com.TestClass.Package.PIMModuleTest" name="PIMModuleTest1" time="0.0">
    <skipped/>
  </testcase> <!-- PIMModuleTest1 -->
</testsuite> <!-- Test -->
