<?xml version="1.0" encoding="UTF-8"?>
<!-- Generated by org.testng.reporters.JUnitXMLReporter -->
<testsuite ignored="0" hostname="DESKTOP-BD7D664" failures="0" tests="6" name="chromeTest" time="53.846" errors="0" timestamp="2024-04-09T20:28:43 IST">
  <testcase classname="com.TestClass.Package.LoginModulTest" name="LoginTest" time="1.317"/>
  <testcase classname="com.TestClass.Package.LoginModulTest" name="getTitle" time="0.166"/>
  <testcase classname="com.TestClass.Package.PIMModuleTest" name="PIMModuleTest1" time="3.08"/>
  <testcase classname="com.TestClass.Package.UserAllData" name="setData" time="9.33"/>
  <testcase classname="com.TestClass.Package.UserAllData" name="setData" time="9.706"/>
  <testcase classname="com.TestClass.Package.UserAllData" name="setData" time="10.387"/>
</testsuite> <!-- chromeTest -->
