<?xml version="1.0" encoding="UTF-8"?>
<!-- Generated by org.testng.reporters.JUnitXMLReporter -->
<testsuite ignored="0" hostname="DESKTOP-BD7D664" failures="0" tests="3" name="edgeTest" time="32.82" errors="0" timestamp="2024-04-07T15:12:51 IST">
  <testcase classname="com.TestClass.Package.LoginModulTest" name="LoginTest" time="6.552"/>
  <testcase classname="com.TestClass.Package.LoginModulTest" name="getTitle" time="0.269"/>
  <testcase classname="com.TestClass.Package.PIMModuleTest" name="PIMModuleTest1" time="3.503"/>
</testsuite> <!-- edgeTest -->
