<?xml version="1.0" encoding="UTF-8"?>
<!-- Generated by org.testng.reporters.JUnitXMLReporter -->
<testsuite ignored="0" hostname="DESKTOP-BD7D664" failures="1" tests="3" name="Test" time="20.133" errors="0" timestamp="2024-04-04T21:12:58 IST">
  <testcase classname="com.TestClass.Package.LoginModulTest" name="LoginTest" time="3.529">
    <failure type="java.lang.AssertionError" message="null">
      <![CDATA[java.lang.AssertionError: null
at com.TestClass.Package.LoginModulTest.LoginTest(LoginModulTest.java:76)
at java.base/java.util.ArrayList.forEach(ArrayList.java:1596)
... Removed 27 stack frames]]>
    </failure>
  </testcase> <!-- LoginTest -->
  <testcase classname="com.TestClass.Package.PIMModuleTest" name="PIMModuleTest1" time="0.0">
    <skipped/>
  </testcase> <!-- PIMModuleTest1 -->
  <testcase classname="com.TestClass.Package.UserAllData" name="setData" time="0.001">
    <skipped/>
  </testcase> <!-- setData -->
</testsuite> <!-- Test -->
