<?xml version="1.0" encoding="UTF-8"?>
<!-- Generated by org.testng.reporters.JUnitXMLReporter -->
<testsuite ignored="0" hostname="DESKTOP-BD7D664" failures="0" tests="10" name="Test" time="97.723" errors="0" timestamp="2024-04-05T14:52:40 IST">
  <testcase classname="com.TestClass.Package.ParallelClass1" name="Test1" time="26.321"/>
  <testcase classname="com.TestClass.Package.ParallelClass1" name="Test2" time="0.003"/>
  <testcase classname="com.TestClass.Package.ParallelClass1" name="Test3" time="0.01"/>
  <testcase classname="com.TestClass.Package.ParallelClass1" name="Test4" time="0.003"/>
  <testcase classname="com.TestClass.Package.ParallelClass1" name="Test5" time="0.003"/>
  <testcase classname="com.TestClass.Package.ParallelClass2" name="Test21" time="20.723"/>
  <testcase classname="com.TestClass.Package.ParallelClass2" name="Test22" time="11.186"/>
  <testcase classname="com.TestClass.Package.ParallelClass2" name="Test23" time="9.269"/>
  <testcase classname="com.TestClass.Package.ParallelClass2" name="Test24" time="17.887"/>
  <testcase classname="com.TestClass.Package.ParallelClass2" name="Test25" time="12.185"/>
</testsuite> <!-- Test -->
